<?xml version="1.0" encoding="UTF-8"?>
<!-- Generated by org.testng.reporters.JUnitReportReporter -->
<testsuite hostname="LAPTOP-MTO5U5N3" failures="0" tests="1" name="com.zoopla.testcases.PropertiesPageTest" time="18.733" errors="0" timestamp="19 May 2020 16:12:02 GMT" skipped="0">
  <testcase classname="com.zoopla.testcases.PropertiesPageTest" name="printPriceInReverseOrderTest" time="18.733"/>
</testsuite> <!-- com.zoopla.testcases.PropertiesPageTest -->
