<?xml version="1.0" encoding="UTF-8"?>
<!-- Generated by org.testng.reporters.JUnitReportReporter -->
<testsuite hostname="LAPTOP-MTO5U5N3" failures="0" tests="1" name="com.zoopla.testcases.PropertyPageTest" time="29.835" errors="0" timestamp="19 May 2020 14:59:22 GMT" skipped="0">
  <testcase classname="com.zoopla.testcases.PropertyPageTest" name="verifyAgentDetailsTest" time="29.835"/>
</testsuite> <!-- com.zoopla.testcases.PropertyPageTest -->
