<?xml version="1.0" encoding="UTF-8"?>
<!-- Generated by org.testng.reporters.JUnitReportReporter -->
<testsuite hostname="LAPTOP-MTO5U5N3" failures="0" tests="1" name="com.zoopla.testcases.LandingPageTest" time="17.139" errors="0" timestamp="15 May 2020 13:58:14 GMT" skipped="0">
  <testcase classname="com.zoopla.testcases.LandingPageTest" name="check" time="17.139"/>
</testsuite> <!-- com.zoopla.testcases.LandingPageTest -->
