<?xml version="1.0" encoding="UTF-8"?>
<!-- Generated by org.testng.reporters.JUnitReportReporter -->
<testsuite hostname="LAPTOP-MTO5U5N3" failures="0" tests="1" name="com.zoopla.testcases.AgentDetailsPageTest" time="32.333" errors="0" timestamp="19 May 2020 15:15:05 GMT" skipped="0">
  <testcase classname="com.zoopla.testcases.AgentDetailsPageTest" name="verifyAgentDetailsTest" time="32.333"/>
</testsuite> <!-- com.zoopla.testcases.AgentDetailsPageTest -->
